#
# A fatal error has been detected by the Java Runtime Environment:
#
#  EXCEPTION_UNCAUGHT_CXX_EXCEPTION (0xe06d7363) at pc=0x00007ffe52d9567c, pid=63880, tid=59828
#
# JRE version: OpenJDK Runtime Environment Temurin-17.0.2+8 (17.0.2+8) (build 17.0.2+8)
# Java VM: OpenJDK 64-Bit Server VM Temurin-17.0.2+8 (17.0.2+8, mixed mode, tiered, compressed oops, compressed class ptrs, g1 gc, windows-amd64)
# Problematic frame:
# C  [KERNELBASE.dll+0x6567c]
#
# No core dump will be written. Minidumps are not enabled by default on client versions of Windows
#
# If you would like to submit a bug report, please visit:
#   https://github.com/adoptium/adoptium-support/issues
#

---------------  S U M M A R Y ------------

Command Line: -Dfile.encoding=UTF-8 -XX:+ShowCodeDetailsInExceptionMessages Axis.BSGSolutions.ProjectAutomation.popalerts

Host: 11th Gen Intel(R) Core(TM) i5-1135G7 @ 2.40GHz, 8 cores, 7G,  Windows 11 , 64 bit Build 22621 (10.0.22621.2506)
Time: Sat Feb 24 15:40:15 2024 India Standard Time elapsed time: 0.296114 seconds (0d 0h 0m 0s)

---------------  T H R E A D  ---------------

Current thread (0x0000021eff58c820):  JavaThread "main" [_thread_in_vm, id=59828, stack(0x0000004e90700000,0x0000004e90800000)]

Stack: [0x0000004e90700000,0x0000004e90800000],  sp=0x0000004e907f9760,  free space=997k
Native frames: (J=compiled Java code, j=interpreted, Vv=VM code, C=native code)
C  [KERNELBASE.dll+0x6567c]
C  [VCRUNTIME140.dll+0x6220]
C  [jimage.dll+0x32a7]
C  [jimage.dll+0x2a15]
C  [jimage.dll+0x145b]
C  [jimage.dll+0x1e97]
C  [jimage.dll+0x1f2e]
C  [jimage.dll+0x2666]
V  [jvm.dll+0x1f1e2d]
V  [jvm.dll+0x1f0a52]
V  [jvm.dll+0x7aa1bb]
V  [jvm.dll+0x7ab562]
V  [jvm.dll+0x7ab898]
V  [jvm.dll+0x23d51e]
V  [jvm.dll+0x23d76f]
V  [jvm.dll+0x558d38]
V  [jvm.dll+0x55bba0]
V  [jvm.dll+0x382937]
V  [jvm.dll+0x381f8f]
C  0x0000021e835fa582

Java frames: (J=compiled Java code, j=interpreted, Vv=VM code)
j  java.util.zip.ZipFile$Source.get(Ljava/io/File;ZLjava/util/zip/ZipCoder;)Ljava/util/zip/ZipFile$Source;+15 java.base@17.0.2
j  java.util.zip.ZipFile$CleanableResource.<init>(Ljava/util/zip/ZipFile;Ljava/util/zip/ZipCoder;Ljava/io/File;I)V+56 java.base@17.0.2
j  java.util.zip.ZipFile.<init>(Ljava/io/File;ILjava/nio/charset/Charset;)V+123 java.base@17.0.2
j  java.util.zip.ZipFile.<init>(Ljava/io/File;I)V+6 java.base@17.0.2
j  java.util.jar.JarFile.<init>(Ljava/io/File;ZILjava/lang/Runtime$Version;)V+3 java.base@17.0.2
j  jdk.internal.loader.URLClassPath$JarLoader.getJarFile(Ljava/net/URL;)Ljava/util/jar/JarFile;+56 java.base@17.0.2
j  jdk.internal.loader.URLClassPath$JarLoader$1.run()Ljava/lang/Void;+55 java.base@17.0.2
j  jdk.internal.loader.URLClassPath$JarLoader$1.run()Ljava/lang/Object;+1 java.base@17.0.2
j  java.security.AccessController.executePrivileged(Ljava/security/PrivilegedExceptionAction;Ljava/security/AccessControlContext;Ljava/lang/Class;)Ljava/lang/Object;+29 java.base@17.0.2
j  java.security.AccessController.doPrivileged(Ljava/security/PrivilegedExceptionAction;Ljava/security/AccessControlContext;)Ljava/lang/Object;+13 java.base@17.0.2
j  jdk.internal.loader.URLClassPath$JarLoader.ensureOpen()V+19 java.base@17.0.2
j  jdk.internal.loader.URLClassPath$JarLoader.<init>(Ljava/net/URL;Ljava/net/URLStreamHandler;Ljava/util/HashMap;Ljava/security/AccessControlContext;)V+63 java.base@17.0.2
j  jdk.internal.loader.URLClassPath$3.run()Ljdk/internal/loader/URLClassPath$Loader;+168 java.base@17.0.2
j  jdk.internal.loader.URLClassPath$3.run()Ljava/lang/Object;+1 java.base@17.0.2
j  java.security.AccessController.executePrivileged(Ljava/security/PrivilegedExceptionAction;Ljava/security/AccessControlContext;Ljava/lang/Class;)Ljava/lang/Object;+29 java.base@17.0.2
j  java.security.AccessController.doPrivileged(Ljava/security/PrivilegedExceptionAction;Ljava/security/AccessControlContext;)Ljava/lang/Object;+13 java.base@17.0.2
j  jdk.internal.loader.URLClassPath.getLoader(Ljava/net/URL;)Ljdk/internal/loader/URLClassPath$Loader;+13 java.base@17.0.2
j  jdk.internal.loader.URLClassPath.getLoader(I)Ljdk/internal/loader/URLClassPath$Loader;+81 java.base@17.0.2
j  jdk.internal.loader.URLClassPath.getResource(Ljava/lang/String;Z)Ljdk/internal/loader/Resource;+42 java.base@17.0.2
j  jdk.internal.loader.BuiltinClassLoader.findClassOnClassPathOrNull(Ljava/lang/String;)Ljava/lang/Class;+26 java.base@17.0.2
j  jdk.internal.loader.BuiltinClassLoader.loadClassOrNull(Ljava/lang/String;Z)Ljava/lang/Class;+111 java.base@17.0.2
j  jdk.internal.loader.BuiltinClassLoader.loadClass(Ljava/lang/String;Z)Ljava/lang/Class;+3 java.base@17.0.2
j  jdk.internal.loader.ClassLoaders$AppClassLoader.loadClass(Ljava/lang/String;Z)Ljava/lang/Class;+36 java.base@17.0.2
j  java.lang.ClassLoader.loadClass(Ljava/lang/String;)Ljava/lang/Class;+3 java.base@17.0.2
v  ~StubRoutines::call_stub
j  java.lang.Class.getDeclaredMethods0(Z)[Ljava/lang/reflect/Method;+0 java.base@17.0.2
j  java.lang.Class.privateGetDeclaredMethods(Z)[Ljava/lang/reflect/Method;+34 java.base@17.0.2
j  java.lang.Class.getMethodsRecursive(Ljava/lang/String;[Ljava/lang/Class;Z)Ljava/lang/PublicMethods$MethodList;+2 java.base@17.0.2
j  java.lang.Class.getMethod0(Ljava/lang/String;[Ljava/lang/Class;)Ljava/lang/reflect/Method;+14 java.base@17.0.2
j  java.lang.Class.getMethod(Ljava/lang/String;[Ljava/lang/Class;)Ljava/lang/reflect/Method;+26 java.base@17.0.2
j  sun.launcher.LauncherHelper.validateMainClass(Ljava/lang/Class;)V+16 java.base@17.0.2
j  sun.launcher.LauncherHelper.checkAndLoadMain(ZILjava/lang/String;)Ljava/lang/Class;+80 java.base@17.0.2
v  ~StubRoutines::call_stub

siginfo: EXCEPTION_UNCAUGHT_CXX_EXCEPTION (0xe06d7363), ExceptionInformation=0x0000000019930520 0x0000004e907f98c0 0x00007ffe26c95138 0x00007ffe26c90000 


Register to memory mapping:

RIP=0x00007ffe52d9567c KERNELBASE.dll
RAX=0x0000004e907f9450 is pointing into the stack for thread: 0x0000021eff58c820
RBX=0x00007ffe26c95138 jimage.dll
RCX=0x0 is NULL
RDX=0x000000000000000b is an unknown value
RSP=0x0000004e907f9760 is pointing into the stack for thread: 0x0000021eff58c820
RBP=0x0000004e907f99f0 is pointing into the stack for thread: 0x0000021eff58c820
RSI=0x0000004e907f98c0 is pointing into the stack for thread: 0x0000021eff58c820
RDI=0x0000000019930520 is an unknown value
R8 =0x0000000000009660 is an unknown value
R9 =0x00000acd6edaba7c is an unknown value
R10=0x0000021eff64e610 points into unknown readable memory: 0x0000000000000000 | 00 00 00 00 00 00 00 00
R11=0x0000021e99d09b30 points into unknown readable memory: 0x7361622e6176616a | 6a 61 76 61 2e 62 61 73
R12=0x0000000000009660 is an unknown value
R13=0x0000021e99d09af0 points into unknown readable memory: 0x6f696e2f6176616a | 6a 61 76 61 2f 6e 69 6f
R14=0x0000021e9a900090 points into unknown readable memory: 0x0000000000000000 | 00 00 00 00 00 00 00 00
R15=0x0000021e9a900090 points into unknown readable memory: 0x0000000000000000 | 00 00 00 00 00 00 00 00


Registers:
RAX=0x0000004e907f9450, RBX=0x00007ffe26c95138, RCX=0x0000000000000000, RDX=0x000000000000000b
RSP=0x0000004e907f9760, RBP=0x0000004e907f99f0, RSI=0x0000004e907f98c0, RDI=0x0000000019930520
R8 =0x0000000000009660, R9 =0x00000acd6edaba7c, R10=0x0000021eff64e610, R11=0x0000021e99d09b30
R12=0x0000000000009660, R13=0x0000021e99d09af0, R14=0x0000021e9a900090, R15=0x0000021e9a900090
RIP=0x00007ffe52d9567c, EFLAGS=0x0000000000000202

Top of Stack: (sp=0x0000004e907f9760)
0x0000004e907f9760:   0000000000000003 00007ffe26c95138
0x0000004e907f9770:   0000004e907f98c0 000000000000018d
0x0000004e907f9780:   00000081e06d7363 0000000000000000
0x0000004e907f9790:   00007ffe52d9567c 0000000000000004
0x0000004e907f97a0:   0000000019930520 0000004e907f98c0
0x0000004e907f97b0:   00007ffe26c95138 00007ffe26c90000
0x0000004e907f97c0:   0000021e00000000 0000021efd370000
0x0000004e907f97d0:   0000000000000000 00007ffe26c95138
0x0000004e907f97e0:   0000021e9a900090 00007ffe555e65bf
0x0000004e907f97f0:   0000004e907f9860 00007ffe26c97000
0x0000004e907f9800:   0000004e907f98c0 0000000019930520
0x0000004e907f9810:   00007ffe26c97000 00007ffe26c90000
0x0000004e907f9820:   0000802b5cc64d0b 00007ffe52d5401b
0x0000004e907f9830:   00007ffe26c95138 00007ffe2dda6220
0x0000004e907f9840:   000092988abc441b 0000000000000010
0x0000004e907f9850:   0000000000000008 00007ffe52a600b5 

Instructions: (pc=0x00007ffe52d9567c)
0x00007ffe52d9557c:   ff 4c 8d 05 1c 61 2c 00 33 d2 b9 00 00 10 00 e8
0x00007ffe52d9558c:   70 92 fd ff 4c 8b f0 48 89 44 24 58 48 85 c0 0f
0x00007ffe52d9559c:   84 0b fe ff ff 4c 8d 05 10 61 2c 00 33 d2 8d 4a
0x00007ffe52d955ac:   02 e8 4e 92 fd ff 48 8b f8 48 89 44 24 50 e9 ed
0x00007ffe52d955bc:   fd ff ff 45 33 c0 49 8b d7 48 83 c9 ff e8 42 68
0x00007ffe52d955cc:   01 00 e9 08 ff ff ff 48 8b 0d 46 46 2f 00 e8 c1
0x00007ffe52d955dc:   10 fd ff 48 8b cf e8 79 ea fb ff e9 f8 fe ff ff
0x00007ffe52d955ec:   49 8b ce e8 6c ea fb ff e9 f4 fe ff ff 48 8b ce
0x00007ffe52d955fc:   e8 5f ea fb ff e9 f0 fe ff ff cc cc 71 18 d3 7a
0x00007ffe52d9560c:   1a 87 89 f9 48 81 ec d8 00 00 00 48 8b 05 62 19
0x00007ffe52d9561c:   2f 00 48 33 c4 48 89 84 24 c0 00 00 00 48 83 64
0x00007ffe52d9562c:   24 28 00 48 8d 05 da ff ff ff 83 e2 01 89 4c 24
0x00007ffe52d9563c:   20 89 54 24 24 48 89 44 24 30 4d 85 c9 74 4f b8
0x00007ffe52d9564c:   0f 00 00 00 48 8d 4c 24 40 44 3b c0 49 8b d1 41
0x00007ffe52d9565c:   0f 46 c0 44 8b c0 44 89 44 24 38 49 c1 e0 03 e8
0x00007ffe52d9566c:   77 ec 05 00 48 8d 4c 24 20 48 ff 15 c4 b2 1f 00
0x00007ffe52d9567c:   0f 1f 44 00 00 48 8b 8c 24 c0 00 00 00 48 33 cc
0x00007ffe52d9568c:   e8 bf 2f 05 00 48 81 c4 d8 00 00 00 c3 cc 83 64
0x00007ffe52d9569c:   24 38 00 eb cf cc cc cc cc cc cc cc 48 8b c4 48
0x00007ffe52d956ac:   89 58 08 48 89 70 10 48 89 78 18 4c 89 68 20 55
0x00007ffe52d956bc:   41 56 41 57 48 8d 68 a1 48 81 ec e0 00 00 00 48
0x00007ffe52d956cc:   8b 05 ae 18 2f 00 48 33 c4 48 89 45 3f 45 33 ff
0x00007ffe52d956dc:   66 c7 45 2b 00 05 48 8d 45 c7 44 89 7d 27 48 89
0x00007ffe52d956ec:   44 24 50 48 8d 4d 27 44 89 7c 24 48 45 33 c9 44
0x00007ffe52d956fc:   89 7c 24 40 45 8d 47 12 44 89 7c 24 38 b2 01 44
0x00007ffe52d9570c:   89 7c 24 30 41 8b df 44 89 7c 24 28 41 8b ff 44
0x00007ffe52d9571c:   89 7c 24 20 45 8b f7 44 89 7d 2f 66 c7 45 33 00
0x00007ffe52d9572c:   01 44 89 7d 37 66 c7 45 3b 00 10 4c 89 7d c7 4c
0x00007ffe52d9573c:   89 7d cf 4c 89 7d d7 4c 89 7d df 48 ff 15 12 b3
0x00007ffe52d9574c:   1f 00 0f 1f 44 00 00 85 c0 0f 88 a7 02 00 00 48
0x00007ffe52d9575c:   8d 45 cf 41 b9 20 02 00 00 48 89 44 24 50 45 8d
0x00007ffe52d9576c:   6f 02 44 89 7c 24 48 45 8d 47 20 44 89 7c 24 40 


Stack slot to memory mapping:
stack at sp + 0 slots: 0x0000000000000003 is an unknown value
stack at sp + 1 slots: 0x00007ffe26c95138 jimage.dll
stack at sp + 2 slots: 0x0000004e907f98c0 is pointing into the stack for thread: 0x0000021eff58c820
stack at sp + 3 slots: 0x000000000000018d is an unknown value
stack at sp + 4 slots: 0x00000081e06d7363 is an unknown value
stack at sp + 5 slots: 0x0 is NULL
stack at sp + 6 slots: 0x00007ffe52d9567c KERNELBASE.dll
stack at sp + 7 slots: 0x0000000000000004 is an unknown value


---------------  P R O C E S S  ---------------

Threads class SMR info:
_java_thread_list=0x0000021e99de6950, length=12, elements={
0x0000021eff58c820, 0x0000021e99311300, 0x0000021e99313cd0, 0x0000021e99c3f010,
0x0000021e99c3f8d0, 0x0000021e99c40190, 0x0000021e99c40a50, 0x0000021e99c42f50,
0x0000021e99c541b0, 0x0000021e99c96b50, 0x0000021e99dad130, 0x0000021e99de6a10
}

Java Threads: ( => current thread )
=>0x0000021eff58c820 JavaThread "main" [_thread_in_vm, id=59828, stack(0x0000004e90700000,0x0000004e90800000)]
  0x0000021e99311300 JavaThread "Reference Handler" daemon [_thread_blocked, id=44076, stack(0x0000004e90e00000,0x0000004e90f00000)]
  0x0000021e99313cd0 JavaThread "Finalizer" daemon [_thread_blocked, id=48092, stack(0x0000004e90f00000,0x0000004e91000000)]
  0x0000021e99c3f010 JavaThread "Signal Dispatcher" daemon [_thread_blocked, id=59700, stack(0x0000004e91000000,0x0000004e91100000)]
  0x0000021e99c3f8d0 JavaThread "Attach Listener" daemon [_thread_blocked, id=63796, stack(0x0000004e91100000,0x0000004e91200000)]
  0x0000021e99c40190 JavaThread "Service Thread" daemon [_thread_blocked, id=60260, stack(0x0000004e91200000,0x0000004e91300000)]
  0x0000021e99c40a50 JavaThread "Monitor Deflation Thread" daemon [_thread_blocked, id=54432, stack(0x0000004e91300000,0x0000004e91400000)]
  0x0000021e99c42f50 JavaThread "C2 CompilerThread0" daemon [_thread_blocked, id=63656, stack(0x0000004e91400000,0x0000004e91500000)]
  0x0000021e99c541b0 JavaThread "C1 CompilerThread0" daemon [_thread_blocked, id=59076, stack(0x0000004e91500000,0x0000004e91600000)]
  0x0000021e99c96b50 JavaThread "Sweeper thread" daemon [_thread_blocked, id=51808, stack(0x0000004e91600000,0x0000004e91700000)]
  0x0000021e99dad130 JavaThread "Notification Thread" daemon [_thread_blocked, id=64344, stack(0x0000004e91700000,0x0000004e91800000)]
  0x0000021e99de6a10 JavaThread "Common-Cleaner" daemon [_thread_blocked, id=54040, stack(0x0000004e91900000,0x0000004e91a00000)]

Other Threads:
  0x0000021e9930ebb0 VMThread "VM Thread" [stack: 0x0000004e90d00000,0x0000004e90e00000] [id=35284]
  0x0000021e99dcda20 WatcherThread [stack: 0x0000004e91800000,0x0000004e91900000] [id=51276]
  0x0000021eff5ce9d0 GCTaskThread "GC Thread#0" [stack: 0x0000004e90800000,0x0000004e90900000] [id=37204]
  0x0000021eff5df620 ConcurrentGCThread "G1 Main Marker" [stack: 0x0000004e90900000,0x0000004e90a00000] [id=33320]
  0x0000021eff5e0030 ConcurrentGCThread "G1 Conc#0" [stack: 0x0000004e90a00000,0x0000004e90b00000] [id=29188]
  0x0000021e991730d0 ConcurrentGCThread "G1 Refine#0" [stack: 0x0000004e90b00000,0x0000004e90c00000] [id=27712]
  0x0000021e99173af0 ConcurrentGCThread "G1 Service" [stack: 0x0000004e90c00000,0x0000004e90d00000] [id=29148]

Threads with active compile tasks:

VM state: not at safepoint (normal execution)

VM Mutex/Monitor currently owned by a thread: None

Heap address: 0x0000000085800000, size: 1960 MB, Compressed Oops mode: 32-bit

CDS archive(s) not mapped
Compressed class space mapped at: 0x0000000100000000-0x0000000140000000, reserved size: 1073741824
Narrow klass base: 0x0000000000000000, Narrow klass shift: 3, Narrow klass range: 0x140000000

GC Precious Log:
 CPUs: 8 total, 8 available
 Memory: 7834M
 Large Page Support: Disabled
 NUMA Support: Disabled
 Compressed Oops: Enabled (32-bit)
 Heap Region Size: 1M
 Heap Min Capacity: 8M
 Heap Initial Capacity: 124M
 Heap Max Capacity: 1960M
 Pre-touch: Disabled
 Parallel Workers: 8
 Concurrent Workers: 2
 Concurrent Refinement Workers: 8
 Periodic GC: Disabled

Heap:
 garbage-first heap   total 126976K, used 1024K [0x0000000085800000, 0x0000000100000000)
  region size 1024K, 2 young (2048K), 0 survivors (0K)
 Metaspace       used 4067K, committed 4288K, reserved 1056768K
  class space    used 332K, committed 448K, reserved 1048576K

Heap Regions: E=young(eden), S=young(survivor), O=old, HS=humongous(starts), HC=humongous(continues), CS=collection set, F=free, OA=open archive, CA=closed archive, TAMS=top-at-mark-start (previous, next)
|   0|0x0000000085800000, 0x0000000085800000, 0x0000000085900000|  0%| F|  |TAMS 0x0000000085800000, 0x0000000085800000| Untracked 
|   1|0x0000000085900000, 0x0000000085900000, 0x0000000085a00000|  0%| F|  |TAMS 0x0000000085900000, 0x0000000085900000| Untracked 
|   2|0x0000000085a00000, 0x0000000085a00000, 0x0000000085b00000|  0%| F|  |TAMS 0x0000000085a00000, 0x0000000085a00000| Untracked 
|   3|0x0000000085b00000, 0x0000000085b00000, 0x0000000085c00000|  0%| F|  |TAMS 0x0000000085b00000, 0x0000000085b00000| Untracked 
|   4|0x0000000085c00000, 0x0000000085c00000, 0x0000000085d00000|  0%| F|  |TAMS 0x0000000085c00000, 0x0000000085c00000| Untracked 
|   5|0x0000000085d00000, 0x0000000085d00000, 0x0000000085e00000|  0%| F|  |TAMS 0x0000000085d00000, 0x0000000085d00000| Untracked 
|   6|0x0000000085e00000, 0x0000000085e00000, 0x0000000085f00000|  0%| F|  |TAMS 0x0000000085e00000, 0x0000000085e00000| Untracked 
|   7|0x0000000085f00000, 0x0000000085f00000, 0x0000000086000000|  0%| F|  |TAMS 0x0000000085f00000, 0x0000000085f00000| Untracked 
|   8|0x0000000086000000, 0x0000000086000000, 0x0000000086100000|  0%| F|  |TAMS 0x0000000086000000, 0x0000000086000000| Untracked 
|   9|0x0000000086100000, 0x0000000086100000, 0x0000000086200000|  0%| F|  |TAMS 0x0000000086100000, 0x0000000086100000| Untracked 
|  10|0x0000000086200000, 0x0000000086200000, 0x0000000086300000|  0%| F|  |TAMS 0x0000000086200000, 0x0000000086200000| Untracked 
|  11|0x0000000086300000, 0x0000000086300000, 0x0000000086400000|  0%| F|  |TAMS 0x0000000086300000, 0x0000000086300000| Untracked 
|  12|0x0000000086400000, 0x0000000086400000, 0x0000000086500000|  0%| F|  |TAMS 0x0000000086400000, 0x0000000086400000| Untracked 
|  13|0x0000000086500000, 0x0000000086500000, 0x0000000086600000|  0%| F|  |TAMS 0x0000000086500000, 0x0000000086500000| Untracked 
|  14|0x0000000086600000, 0x0000000086600000, 0x0000000086700000|  0%| F|  |TAMS 0x0000000086600000, 0x0000000086600000| Untracked 
|  15|0x0000000086700000, 0x0000000086700000, 0x0000000086800000|  0%| F|  |TAMS 0x0000000086700000, 0x0000000086700000| Untracked 
|  16|0x0000000086800000, 0x0000000086800000, 0x0000000086900000|  0%| F|  |TAMS 0x0000000086800000, 0x0000000086800000| Untracked 
|  17|0x0000000086900000, 0x0000000086900000, 0x0000000086a00000|  0%| F|  |TAMS 0x0000000086900000, 0x0000000086900000| Untracked 
|  18|0x0000000086a00000, 0x0000000086a00000, 0x0000000086b00000|  0%| F|  |TAMS 0x0000000086a00000, 0x0000000086a00000| Untracked 
|  19|0x0000000086b00000, 0x0000000086b00000, 0x0000000086c00000|  0%| F|  |TAMS 0x0000000086b00000, 0x0000000086b00000| Untracked 
|  20|0x0000000086c00000, 0x0000000086c00000, 0x0000000086d00000|  0%| F|  |TAMS 0x0000000086c00000, 0x0000000086c00000| Untracked 
|  21|0x0000000086d00000, 0x0000000086d00000, 0x0000000086e00000|  0%| F|  |TAMS 0x0000000086d00000, 0x0000000086d00000| Untracked 
|  22|0x0000000086e00000, 0x0000000086e00000, 0x0000000086f00000|  0%| F|  |TAMS 0x0000000086e00000, 0x0000000086e00000| Untracked 
|  23|0x0000000086f00000, 0x0000000086f00000, 0x0000000087000000|  0%| F|  |TAMS 0x0000000086f00000, 0x0000000086f00000| Untracked 
|  24|0x0000000087000000, 0x0000000087000000, 0x0000000087100000|  0%| F|  |TAMS 0x0000000087000000, 0x0000000087000000| Untracked 
|  25|0x0000000087100000, 0x0000000087100000, 0x0000000087200000|  0%| F|  |TAMS 0x0000000087100000, 0x0000000087100000| Untracked 
|  26|0x0000000087200000, 0x0000000087200000, 0x0000000087300000|  0%| F|  |TAMS 0x0000000087200000, 0x0000000087200000| Untracked 
|  27|0x0000000087300000, 0x0000000087300000, 0x0000000087400000|  0%| F|  |TAMS 0x0000000087300000, 0x0000000087300000| Untracked 
|  28|0x0000000087400000, 0x0000000087400000, 0x0000000087500000|  0%| F|  |TAMS 0x0000000087400000, 0x0000000087400000| Untracked 
|  29|0x0000000087500000, 0x0000000087500000, 0x0000000087600000|  0%| F|  |TAMS 0x0000000087500000, 0x0000000087500000| Untracked 
|  30|0x0000000087600000, 0x0000000087600000, 0x0000000087700000|  0%| F|  |TAMS 0x0000000087600000, 0x0000000087600000| Untracked 
|  31|0x0000000087700000, 0x0000000087700000, 0x0000000087800000|  0%| F|  |TAMS 0x0000000087700000, 0x0000000087700000| Untracked 
|  32|0x0000000087800000, 0x0000000087800000, 0x0000000087900000|  0%| F|  |TAMS 0x0000000087800000, 0x0000000087800000| Untracked 
|  33|0x0000000087900000, 0x0000000087900000, 0x0000000087a00000|  0%| F|  |TAMS 0x0000000087900000, 0x0000000087900000| Untracked 
|  34|0x0000000087a00000, 0x0000000087a00000, 0x0000000087b00000|  0%| F|  |TAMS 0x0000000087a00000, 0x0000000087a00000| Untracked 
|  35|0x0000000087b00000, 0x0000000087b00000, 0x0000000087c00000|  0%| F|  |TAMS 0x0000000087b00000, 0x0000000087b00000| Untracked 
|  36|0x0000000087c00000, 0x0000000087c00000, 0x0000000087d00000|  0%| F|  |TAMS 0x0000000087c00000, 0x0000000087c00000| Untracked 
|  37|0x0000000087d00000, 0x0000000087d00000, 0x0000000087e00000|  0%| F|  |TAMS 0x0000000087d00000, 0x0000000087d00000| Untracked 
|  38|0x0000000087e00000, 0x0000000087e00000, 0x0000000087f00000|  0%| F|  |TAMS 0x0000000087e00000, 0x0000000087e00000| Untracked 
|  39|0x0000000087f00000, 0x0000000087f00000, 0x0000000088000000|  0%| F|  |TAMS 0x0000000087f00000, 0x0000000087f00000| Untracked 
|  40|0x0000000088000000, 0x0000000088000000, 0x0000000088100000|  0%| F|  |TAMS 0x0000000088000000, 0x0000000088000000| Untracked 
|  41|0x0000000088100000, 0x0000000088100000, 0x0000000088200000|  0%| F|  |TAMS 0x0000000088100000, 0x0000000088100000| Untracked 
|  42|0x0000000088200000, 0x0000000088200000, 0x0000000088300000|  0%| F|  |TAMS 0x0000000088200000, 0x0000000088200000| Untracked 
|  43|0x0000000088300000, 0x0000000088300000, 0x0000000088400000|  0%| F|  |TAMS 0x0000000088300000, 0x0000000088300000| Untracked 
|  44|0x0000000088400000, 0x0000000088400000, 0x0000000088500000|  0%| F|  |TAMS 0x0000000088400000, 0x0000000088400000| Untracked 
|  45|0x0000000088500000, 0x0000000088500000, 0x0000000088600000|  0%| F|  |TAMS 0x0000000088500000, 0x0000000088500000| Untracked 
|  46|0x0000000088600000, 0x0000000088600000, 0x0000000088700000|  0%| F|  |TAMS 0x0000000088600000, 0x0000000088600000| Untracked 
|  47|0x0000000088700000, 0x0000000088700000, 0x0000000088800000|  0%| F|  |TAMS 0x0000000088700000, 0x0000000088700000| Untracked 
|  48|0x0000000088800000, 0x0000000088800000, 0x0000000088900000|  0%| F|  |TAMS 0x0000000088800000, 0x0000000088800000| Untracked 
|  49|0x0000000088900000, 0x0000000088900000, 0x0000000088a00000|  0%| F|  |TAMS 0x0000000088900000, 0x0000000088900000| Untracked 
|  50|0x0000000088a00000, 0x0000000088a00000, 0x0000000088b00000|  0%| F|  |TAMS 0x0000000088a00000, 0x0000000088a00000| Untracked 
|  51|0x0000000088b00000, 0x0000000088b00000, 0x0000000088c00000|  0%| F|  |TAMS 0x0000000088b00000, 0x0000000088b00000| Untracked 
|  52|0x0000000088c00000, 0x0000000088c00000, 0x0000000088d00000|  0%| F|  |TAMS 0x0000000088c00000, 0x0000000088c00000| Untracked 
|  53|0x0000000088d00000, 0x0000000088d00000, 0x0000000088e00000|  0%| F|  |TAMS 0x0000000088d00000, 0x0000000088d00000| Untracked 
|  54|0x0000000088e00000, 0x0000000088e00000, 0x0000000088f00000|  0%| F|  |TAMS 0x0000000088e00000, 0x0000000088e00000| Untracked 
|  55|0x0000000088f00000, 0x0000000088f00000, 0x0000000089000000|  0%| F|  |TAMS 0x0000000088f00000, 0x0000000088f00000| Untracked 
|  56|0x0000000089000000, 0x0000000089000000, 0x0000000089100000|  0%| F|  |TAMS 0x0000000089000000, 0x0000000089000000| Untracked 
|  57|0x0000000089100000, 0x0000000089100000, 0x0000000089200000|  0%| F|  |TAMS 0x0000000089100000, 0x0000000089100000| Untracked 
|  58|0x0000000089200000, 0x0000000089200000, 0x0000000089300000|  0%| F|  |TAMS 0x0000000089200000, 0x0000000089200000| Untracked 
|  59|0x0000000089300000, 0x0000000089300000, 0x0000000089400000|  0%| F|  |TAMS 0x0000000089300000, 0x0000000089300000| Untracked 
|  60|0x0000000089400000, 0x0000000089400000, 0x0000000089500000|  0%| F|  |TAMS 0x0000000089400000, 0x0000000089400000| Untracked 
|  61|0x0000000089500000, 0x0000000089500000, 0x0000000089600000|  0%| F|  |TAMS 0x0000000089500000, 0x0000000089500000| Untracked 
|  62|0x0000000089600000, 0x0000000089600000, 0x0000000089700000|  0%| F|  |TAMS 0x0000000089600000, 0x0000000089600000| Untracked 
|  63|0x0000000089700000, 0x0000000089700000, 0x0000000089800000|  0%| F|  |TAMS 0x0000000089700000, 0x0000000089700000| Untracked 
|  64|0x0000000089800000, 0x0000000089800000, 0x0000000089900000|  0%| F|  |TAMS 0x0000000089800000, 0x0000000089800000| Untracked 
|  65|0x0000000089900000, 0x0000000089900000, 0x0000000089a00000|  0%| F|  |TAMS 0x0000000089900000, 0x0000000089900000| Untracked 
|  66|0x0000000089a00000, 0x0000000089a00000, 0x0000000089b00000|  0%| F|  |TAMS 0x0000000089a00000, 0x0000000089a00000| Untracked 
|  67|0x0000000089b00000, 0x0000000089b00000, 0x0000000089c00000|  0%| F|  |TAMS 0x0000000089b00000, 0x0000000089b00000| Untracked 
|  68|0x0000000089c00000, 0x0000000089c00000, 0x0000000089d00000|  0%| F|  |TAMS 0x0000000089c00000, 0x0000000089c00000| Untracked 
|  69|0x0000000089d00000, 0x0000000089d00000, 0x0000000089e00000|  0%| F|  |TAMS 0x0000000089d00000, 0x0000000089d00000| Untracked 
|  70|0x0000000089e00000, 0x0000000089e00000, 0x0000000089f00000|  0%| F|  |TAMS 0x0000000089e00000, 0x0000000089e00000| Untracked 
|  71|0x0000000089f00000, 0x0000000089f00000, 0x000000008a000000|  0%| F|  |TAMS 0x0000000089f00000, 0x0000000089f00000| Untracked 
|  72|0x000000008a000000, 0x000000008a000000, 0x000000008a100000|  0%| F|  |TAMS 0x000000008a000000, 0x000000008a000000| Untracked 
|  73|0x000000008a100000, 0x000000008a100000, 0x000000008a200000|  0%| F|  |TAMS 0x000000008a100000, 0x000000008a100000| Untracked 
|  74|0x000000008a200000, 0x000000008a200000, 0x000000008a300000|  0%| F|  |TAMS 0x000000008a200000, 0x000000008a200000| Untracked 
|  75|0x000000008a300000, 0x000000008a300000, 0x000000008a400000|  0%| F|  |TAMS 0x000000008a300000, 0x000000008a300000| Untracked 
|  76|0x000000008a400000, 0x000000008a400000, 0x000000008a500000|  0%| F|  |TAMS 0x000000008a400000, 0x000000008a400000| Untracked 
|  77|0x000000008a500000, 0x000000008a500000, 0x000000008a600000|  0%| F|  |TAMS 0x000000008a500000, 0x000000008a500000| Untracked 
|  78|0x000000008a600000, 0x000000008a600000, 0x000000008a700000|  0%| F|  |TAMS 0x000000008a600000, 0x000000008a600000| Untracked 
|  79|0x000000008a700000, 0x000000008a700000, 0x000000008a800000|  0%| F|  |TAMS 0x000000008a700000, 0x000000008a700000| Untracked 
|  80|0x000000008a800000, 0x000000008a800000, 0x000000008a900000|  0%| F|  |TAMS 0x000000008a800000, 0x000000008a800000| Untracked 
|  81|0x000000008a900000, 0x000000008a900000, 0x000000008aa00000|  0%| F|  |TAMS 0x000000008a900000, 0x000000008a900000| Untracked 
|  82|0x000000008aa00000, 0x000000008aa00000, 0x000000008ab00000|  0%| F|  |TAMS 0x000000008aa00000, 0x000000008aa00000| Untracked 
|  83|0x000000008ab00000, 0x000000008ab00000, 0x000000008ac00000|  0%| F|  |TAMS 0x000000008ab00000, 0x000000008ab00000| Untracked 
|  84|0x000000008ac00000, 0x000000008ac00000, 0x000000008ad00000|  0%| F|  |TAMS 0x000000008ac00000, 0x000000008ac00000| Untracked 
|  85|0x000000008ad00000, 0x000000008ad00000, 0x000000008ae00000|  0%| F|  |TAMS 0x000000008ad00000, 0x000000008ad00000| Untracked 
|  86|0x000000008ae00000, 0x000000008ae00000, 0x000000008af00000|  0%| F|  |TAMS 0x000000008ae00000, 0x000000008ae00000| Untracked 
|  87|0x000000008af00000, 0x000000008af00000, 0x000000008b000000|  0%| F|  |TAMS 0x000000008af00000, 0x000000008af00000| Untracked 
|  88|0x000000008b000000, 0x000000008b000000, 0x000000008b100000|  0%| F|  |TAMS 0x000000008b000000, 0x000000008b000000| Untracked 
|  89|0x000000008b100000, 0x000000008b100000, 0x000000008b200000|  0%| F|  |TAMS 0x000000008b100000, 0x000000008b100000| Untracked 
|  90|0x000000008b200000, 0x000000008b200000, 0x000000008b300000|  0%| F|  |TAMS 0x000000008b200000, 0x000000008b200000| Untracked 
|  91|0x000000008b300000, 0x000000008b300000, 0x000000008b400000|  0%| F|  |TAMS 0x000000008b300000, 0x000000008b300000| Untracked 
|  92|0x000000008b400000, 0x000000008b400000, 0x000000008b500000|  0%| F|  |TAMS 0x000000008b400000, 0x000000008b400000| Untracked 
|  93|0x000000008b500000, 0x000000008b500000, 0x000000008b600000|  0%| F|  |TAMS 0x000000008b500000, 0x000000008b500000| Untracked 
|  94|0x000000008b600000, 0x000000008b600000, 0x000000008b700000|  0%| F|  |TAMS 0x000000008b600000, 0x000000008b600000| Untracked 
|  95|0x000000008b700000, 0x000000008b700000, 0x000000008b800000|  0%| F|  |TAMS 0x000000008b700000, 0x000000008b700000| Untracked 
|  96|0x000000008b800000, 0x000000008b800000, 0x000000008b900000|  0%| F|  |TAMS 0x000000008b800000, 0x000000008b800000| Untracked 
|  97|0x000000008b900000, 0x000000008b900000, 0x000000008ba00000|  0%| F|  |TAMS 0x000000008b900000, 0x000000008b900000| Untracked 
|  98|0x000000008ba00000, 0x000000008ba00000, 0x000000008bb00000|  0%| F|  |TAMS 0x000000008ba00000, 0x000000008ba00000| Untracked 
|  99|0x000000008bb00000, 0x000000008bb00000, 0x000000008bc00000|  0%| F|  |TAMS 0x000000008bb00000, 0x000000008bb00000| Untracked 
| 100|0x000000008bc00000, 0x000000008bc00000, 0x000000008bd00000|  0%| F|  |TAMS 0x000000008bc00000, 0x000000008bc00000| Untracked 
| 101|0x000000008bd00000, 0x000000008bd00000, 0x000000008be00000|  0%| F|  |TAMS 0x000000008bd00000, 0x000000008bd00000| Untracked 
| 102|0x000000008be00000, 0x000000008be00000, 0x000000008bf00000|  0%| F|  |TAMS 0x000000008be00000, 0x000000008be00000| Untracked 
| 103|0x000000008bf00000, 0x000000008bf00000, 0x000000008c000000|  0%| F|  |TAMS 0x000000008bf00000, 0x000000008bf00000| Untracked 
| 104|0x000000008c000000, 0x000000008c000000, 0x000000008c100000|  0%| F|  |TAMS 0x000000008c000000, 0x000000008c000000| Untracked 
| 105|0x000000008c100000, 0x000000008c100000, 0x000000008c200000|  0%| F|  |TAMS 0x000000008c100000, 0x000000008c100000| Untracked 
| 106|0x000000008c200000, 0x000000008c200000, 0x000000008c300000|  0%| F|  |TAMS 0x000000008c200000, 0x000000008c200000| Untracked 
| 107|0x000000008c300000, 0x000000008c300000, 0x000000008c400000|  0%| F|  |TAMS 0x000000008c300000, 0x000000008c300000| Untracked 
| 108|0x000000008c400000, 0x000000008c400000, 0x000000008c500000|  0%| F|  |TAMS 0x000000008c400000, 0x000000008c400000| Untracked 
| 109|0x000000008c500000, 0x000000008c500000, 0x000000008c600000|  0%| F|  |TAMS 0x000000008c500000, 0x000000008c500000| Untracked 
| 110|0x000000008c600000, 0x000000008c600000, 0x000000008c700000|  0%| F|  |TAMS 0x000000008c600000, 0x000000008c600000| Untracked 
| 111|0x000000008c700000, 0x000000008c700000, 0x000000008c800000|  0%| F|  |TAMS 0x000000008c700000, 0x000000008c700000| Untracked 
| 112|0x000000008c800000, 0x000000008c800000, 0x000000008c900000|  0%| F|  |TAMS 0x000000008c800000, 0x000000008c800000| Untracked 
| 113|0x000000008c900000, 0x000000008c900000, 0x000000008ca00000|  0%| F|  |TAMS 0x000000008c900000, 0x000000008c900000| Untracked 
| 114|0x000000008ca00000, 0x000000008ca00000, 0x000000008cb00000|  0%| F|  |TAMS 0x000000008ca00000, 0x000000008ca00000| Untracked 
| 115|0x000000008cb00000, 0x000000008cb00000, 0x000000008cc00000|  0%| F|  |TAMS 0x000000008cb00000, 0x000000008cb00000| Untracked 
| 116|0x000000008cc00000, 0x000000008cc00000, 0x000000008cd00000|  0%| F|  |TAMS 0x000000008cc00000, 0x000000008cc00000| Untracked 
| 117|0x000000008cd00000, 0x000000008cd00000, 0x000000008ce00000|  0%| F|  |TAMS 0x000000008cd00000, 0x000000008cd00000| Untracked 
| 118|0x000000008ce00000, 0x000000008ce00000, 0x000000008cf00000|  0%| F|  |TAMS 0x000000008ce00000, 0x000000008ce00000| Untracked 
| 119|0x000000008cf00000, 0x000000008cf00000, 0x000000008d000000|  0%| F|  |TAMS 0x000000008cf00000, 0x000000008cf00000| Untracked 
| 120|0x000000008d000000, 0x000000008d000000, 0x000000008d100000|  0%| F|  |TAMS 0x000000008d000000, 0x000000008d000000| Untracked 
| 121|0x000000008d100000, 0x000000008d100000, 0x000000008d200000|  0%| F|  |TAMS 0x000000008d100000, 0x000000008d100000| Untracked 
| 122|0x000000008d200000, 0x000000008d276478, 0x000000008d300000| 46%| E|  |TAMS 0x000000008d200000, 0x000000008d200000| Complete 
| 123|0x000000008d300000, 0x000000008d400000, 0x000000008d400000|100%| E|CS|TAMS 0x000000008d300000, 0x000000008d300000| Complete 

Card table byte_map: [0x0000021e925e0000,0x0000021e929c0000] _byte_map_base: 0x0000021e921b4000

Marking Bits (Prev, Next): (CMBitMap*) 0x0000021eff5cefe0, (CMBitMap*) 0x0000021eff5cf020
 Prev Bits: [0x0000021e92da0000, 0x0000021e94c40000)
 Next Bits: [0x0000021e94c40000, 0x0000021e96ae0000)

Polling page: 0x0000021efed50000

Metaspace:

Usage:
  Non-class:      3.65 MB used.
      Class:    332.87 KB used.
       Both:      3.97 MB used.

Virtual space:
  Non-class space:        8.00 MB reserved,       3.75 MB ( 47%) committed,  1 nodes.
      Class space:        1.00 GB reserved,     448.00 KB ( <1%) committed,  1 nodes.
             Both:        1.01 GB reserved,       4.19 MB ( <1%) committed. 

Chunk freelists:
   Non-Class:  4.00 MB
       Class:  3.62 MB
        Both:  7.62 MB

MaxMetaspaceSize: unlimited
CompressedClassSpaceSize: 1.00 GB
Initial GC threshold: 21.00 MB
Current GC threshold: 21.00 MB
CDS: off
MetaspaceReclaimPolicy: balanced
 - commit_granule_bytes: 65536.
 - commit_granule_words: 8192.
 - virtual_space_node_default_size: 1048576.
 - enlarge_chunks_in_place: 1.
 - new_chunks_are_fully_committed: 0.
 - uncommit_free_chunks: 1.
 - use_allocation_guard: 0.
 - handle_deallocations: 1.


Internal statistics:

num_allocs_failed_limit: 0.
num_arena_births: 4.
num_arena_deaths: 0.
num_vsnodes_births: 2.
num_vsnodes_deaths: 0.
num_space_committed: 67.
num_space_uncommitted: 0.
num_chunks_returned_to_freelist: 0.
num_chunks_taken_from_freelist: 6.
num_chunk_merges: 0.
num_chunk_splits: 2.
num_chunks_enlarged: 0.
num_purges: 0.
num_inconsistent_stats: 0.

CodeHeap 'non-profiled nmethods': size=120000Kb used=15Kb max_used=15Kb free=119984Kb
 bounds [0x0000021e8b0b0000, 0x0000021e8b320000, 0x0000021e925e0000]
CodeHeap 'profiled nmethods': size=120000Kb used=110Kb max_used=110Kb free=119890Kb
 bounds [0x0000021e83b80000, 0x0000021e83df0000, 0x0000021e8b0b0000]
CodeHeap 'non-nmethods': size=5760Kb used=1049Kb max_used=1057Kb free=4710Kb
 bounds [0x0000021e835e0000, 0x0000021e83850000, 0x0000021e83b80000]
 total_blobs=378 nmethods=87 adapters=204
 compilation: enabled
              stopped_count=0, restarted_count=0
 full_count=0

Compilation events (20 events):
Event: 0.246 Thread 0x0000021e99c541b0   78       1       java.util.ImmutableCollections$Set12::isEmpty (2 bytes)
Event: 0.246 Thread 0x0000021e99c541b0 nmethod 78 0x0000021e8b0b3c10 code [0x0000021e8b0b3da0, 0x0000021e8b0b3e78]
Event: 0.253 Thread 0x0000021e99c541b0   79       3       java.lang.StringUTF16::getChar (60 bytes)
Event: 0.253 Thread 0x0000021e99c541b0 nmethod 79 0x0000021e83b97810 code [0x0000021e83b979a0, 0x0000021e83b97b18]
Event: 0.255 Thread 0x0000021e99c541b0   80       3       java.lang.AbstractStringBuilder::isLatin1 (19 bytes)
Event: 0.256 Thread 0x0000021e99c541b0 nmethod 80 0x0000021e83b97c10 code [0x0000021e83b97da0, 0x0000021e83b97f18]
Event: 0.256 Thread 0x0000021e99c541b0   81       3       java.lang.String::charAt (25 bytes)
Event: 0.256 Thread 0x0000021e99c541b0 nmethod 81 0x0000021e83b97f90 code [0x0000021e83b98180, 0x0000021e83b986b8]
Event: 0.265 Thread 0x0000021e99c541b0   82       3       java.lang.StringBuilder::append (8 bytes)
Event: 0.265 Thread 0x0000021e99c541b0 nmethod 82 0x0000021e83b98910 code [0x0000021e83b98aa0, 0x0000021e83b98be8]
Event: 0.265 Thread 0x0000021e99c541b0   83       3       java.lang.AbstractStringBuilder::append (77 bytes)
Event: 0.266 Thread 0x0000021e99c541b0 nmethod 83 0x0000021e83b98c90 code [0x0000021e83b98ea0, 0x0000021e83b99528]
Event: 0.267 Thread 0x0000021e99c541b0   84       3       java.io.WinNTFileSystem::isSlash (18 bytes)
Event: 0.267 Thread 0x0000021e99c541b0 nmethod 84 0x0000021e83b99790 code [0x0000021e83b99920, 0x0000021e83b99ab8]
Event: 0.272 Thread 0x0000021e99c541b0   85       3       java.lang.StringLatin1::indexOf (36 bytes)
Event: 0.272 Thread 0x0000021e99c541b0 nmethod 85 0x0000021e83b99b90 code [0x0000021e83b99d60, 0x0000021e83b9a198]
Event: 0.273 Thread 0x0000021e99c541b0   86       3       java.util.Arrays::copyOfRange (64 bytes)
Event: 0.274 Thread 0x0000021e99c541b0 nmethod 86 0x0000021e83b9a310 code [0x0000021e83b9a580, 0x0000021e83b9ae78]
Event: 0.274 Thread 0x0000021e99c541b0   87       3       java.lang.StringLatin1::newString (24 bytes)
Event: 0.274 Thread 0x0000021e99c541b0 nmethod 87 0x0000021e83b9b210 code [0x0000021e83b9b3e0, 0x0000021e83b9b708]

GC Heap History (0 events):
No events

Deoptimization events (4 events):
Event: 0.253 Thread 0x0000021eff58c820 Uncommon trap: trap_request=0xffffff45 fr.pc=0x0000021e8b0b12f4 relative=0x0000000000000074
Event: 0.253 Thread 0x0000021eff58c820 Uncommon trap: reason=unstable_if action=reinterpret pc=0x0000021e8b0b12f4 method=java.lang.String.isLatin1()Z @ 10 c2
Event: 0.253 Thread 0x0000021eff58c820 DEOPT PACKING pc=0x0000021e8b0b12f4 sp=0x0000004e907fee80
Event: 0.253 Thread 0x0000021eff58c820 DEOPT UNPACKING pc=0x0000021e83635c23 sp=0x0000004e907fedc0 mode 2

Classes unloaded (0 events):
No events

Classes redefined (0 events):
No events

Internal exceptions (0 events):
No events

VM Operations (0 events):
No events

Events (20 events):
Event: 0.271 loading class sun/nio/fs/WindowsPathParser done
Event: 0.272 loading class sun/nio/fs/WindowsPathType
Event: 0.272 loading class sun/nio/fs/WindowsPathType done
Event: 0.272 loading class sun/nio/fs/WindowsPathParser$Result
Event: 0.272 loading class sun/nio/fs/WindowsPathParser$Result done
Event: 0.272 loading class java/net/URI$Parser
Event: 0.272 loading class java/net/URI$Parser done
Event: 0.272 loading class sun/nio/fs/WindowsPath
Event: 0.273 loading class java/nio/file/Path
Event: 0.273 loading class java/nio/file/Watchable
Event: 0.273 loading class java/nio/file/Watchable done
Event: 0.273 loading class java/nio/file/Path done
Event: 0.273 loading class sun/nio/fs/WindowsPath done
Event: 0.273 loading class java/nio/file/attribute/BasicFileAttributes
Event: 0.273 loading class java/nio/file/attribute/BasicFileAttributes done
Event: 0.273 loading class java/nio/file/LinkOption
Event: 0.273 loading class java/nio/file/CopyOption
Event: 0.273 loading class java/nio/file/CopyOption done
Event: 0.273 loading class java/nio/file/LinkOption done
Event: 0.273 loading class java/nio/file/Files


Dynamic libraries:
0x00007ff76dc90000 - 0x00007ff76dc9e000 	C:\Users\yuvia\.p2\pool\plugins\org.eclipse.justj.openjdk.hotspot.jre.full.win32.x86_64_17.0.2.v20220201-1208\jre\bin\javaw.exe
0x00007ffe55570000 - 0x00007ffe55787000 	C:\WINDOWS\SYSTEM32\ntdll.dll
0x00007ffe53b90000 - 0x00007ffe53c54000 	C:\WINDOWS\System32\KERNEL32.DLL
0x00007ffe52d30000 - 0x00007ffe530d6000 	C:\WINDOWS\System32\KERNELBASE.dll
0x00007ffe52a40000 - 0x00007ffe52b51000 	C:\WINDOWS\System32\ucrtbase.dll
0x00007ffe2dd80000 - 0x00007ffe2dd98000 	C:\Users\yuvia\.p2\pool\plugins\org.eclipse.justj.openjdk.hotspot.jre.full.win32.x86_64_17.0.2.v20220201-1208\jre\bin\jli.dll
0x00007ffe2dda0000 - 0x00007ffe2ddb9000 	C:\Users\yuvia\.p2\pool\plugins\org.eclipse.justj.openjdk.hotspot.jre.full.win32.x86_64_17.0.2.v20220201-1208\jre\bin\VCRUNTIME140.dll
0x00007ffe541a0000 - 0x00007ffe5434e000 	C:\WINDOWS\System32\USER32.dll
0x00007ffe52b60000 - 0x00007ffe52b86000 	C:\WINDOWS\System32\win32u.dll
0x00007ffe53470000 - 0x00007ffe53499000 	C:\WINDOWS\System32\GDI32.dll
0x00007ffe528b0000 - 0x00007ffe529c8000 	C:\WINDOWS\System32\gdi32full.dll
0x00007ffe53220000 - 0x00007ffe532ba000 	C:\WINDOWS\System32\msvcp_win.dll
0x00007ffe2c800000 - 0x00007ffe2ca93000 	C:\WINDOWS\WinSxS\amd64_microsoft.windows.common-controls_6595b64144ccf1df_6.0.22621.2506_none_270c5ae97388e100\COMCTL32.dll
0x00007ffe54f20000 - 0x00007ffe54fc7000 	C:\WINDOWS\System32\msvcrt.dll
0x00007ffe53430000 - 0x00007ffe53461000 	C:\WINDOWS\System32\IMM32.DLL
0x00007ffe3b3e0000 - 0x00007ffe3b3ec000 	C:\Users\yuvia\.p2\pool\plugins\org.eclipse.justj.openjdk.hotspot.jre.full.win32.x86_64_17.0.2.v20220201-1208\jre\bin\vcruntime140_1.dll
0x00007ffde6140000 - 0x00007ffde61d1000 	C:\Users\yuvia\.p2\pool\plugins\org.eclipse.justj.openjdk.hotspot.jre.full.win32.x86_64_17.0.2.v20220201-1208\jre\bin\msvcp140.dll
0x00007ffda9050000 - 0x00007ffda9c97000 	C:\Users\yuvia\.p2\pool\plugins\org.eclipse.justj.openjdk.hotspot.jre.full.win32.x86_64_17.0.2.v20220201-1208\jre\bin\server\jvm.dll
0x00007ffe53370000 - 0x00007ffe53423000 	C:\WINDOWS\System32\ADVAPI32.dll
0x00007ffe54590000 - 0x00007ffe54638000 	C:\WINDOWS\System32\sechost.dll
0x00007ffe52b90000 - 0x00007ffe52bb8000 	C:\WINDOWS\System32\bcrypt.dll
0x00007ffe534c0000 - 0x00007ffe535d7000 	C:\WINDOWS\System32\RPCRT4.dll
0x00007ffe540e0000 - 0x00007ffe540e8000 	C:\WINDOWS\System32\PSAPI.DLL
0x00007ffe280a0000 - 0x00007ffe280a9000 	C:\WINDOWS\SYSTEM32\WSOCK32.dll
0x00007ffe54ea0000 - 0x00007ffe54f11000 	C:\WINDOWS\System32\WS2_32.dll
0x00007ffe48730000 - 0x00007ffe48764000 	C:\WINDOWS\SYSTEM32\WINMM.dll
0x00007ffe492c0000 - 0x00007ffe492ca000 	C:\WINDOWS\SYSTEM32\VERSION.dll
0x00007ffe518e0000 - 0x00007ffe518f8000 	C:\WINDOWS\SYSTEM32\kernel.appcore.dll
0x00007ffe26c90000 - 0x00007ffe26c9a000 	C:\Users\yuvia\.p2\pool\plugins\org.eclipse.justj.openjdk.hotspot.jre.full.win32.x86_64_17.0.2.v20220201-1208\jre\bin\jimage.dll
0x00007ffe50090000 - 0x00007ffe502c3000 	C:\WINDOWS\SYSTEM32\DBGHELP.DLL
0x00007ffe551a0000 - 0x00007ffe55529000 	C:\WINDOWS\System32\combase.dll
0x00007ffe543b0000 - 0x00007ffe54487000 	C:\WINDOWS\System32\OLEAUT32.dll
0x00007ffe3b360000 - 0x00007ffe3b392000 	C:\WINDOWS\SYSTEM32\dbgcore.DLL
0x00007ffe530e0000 - 0x00007ffe5315a000 	C:\WINDOWS\System32\bcryptPrimitives.dll
0x00007ffe26c60000 - 0x00007ffe26c85000 	C:\Users\yuvia\.p2\pool\plugins\org.eclipse.justj.openjdk.hotspot.jre.full.win32.x86_64_17.0.2.v20220201-1208\jre\bin\java.dll
0x00007ffe26c10000 - 0x00007ffe26c28000 	C:\Users\yuvia\.p2\pool\plugins\org.eclipse.justj.openjdk.hotspot.jre.full.win32.x86_64_17.0.2.v20220201-1208\jre\bin\zip.dll
0x00007ffe54640000 - 0x00007ffe54e9a000 	C:\WINDOWS\System32\SHELL32.dll
0x00007ffe50800000 - 0x00007ffe510f6000 	C:\WINDOWS\SYSTEM32\windows.storage.dll
0x00007ffe506c0000 - 0x00007ffe507fe000 	C:\WINDOWS\SYSTEM32\wintypes.dll
0x00007ffe54490000 - 0x00007ffe54583000 	C:\WINDOWS\System32\SHCORE.dll
0x00007ffe54350000 - 0x00007ffe543ae000 	C:\WINDOWS\System32\shlwapi.dll
0x00007ffe527e0000 - 0x00007ffe52806000 	C:\WINDOWS\SYSTEM32\profapi.dll

dbghelp: loaded successfully - version: 4.0.5 - missing functions: none
symbol engine: initialized successfully - sym options: 0x614 - pdb path: .;C:\Users\yuvia\.p2\pool\plugins\org.eclipse.justj.openjdk.hotspot.jre.full.win32.x86_64_17.0.2.v20220201-1208\jre\bin;C:\WINDOWS\SYSTEM32;C:\WINDOWS\WinSxS\amd64_microsoft.windows.common-controls_6595b64144ccf1df_6.0.22621.2506_none_270c5ae97388e100;C:\Users\yuvia\.p2\pool\plugins\org.eclipse.justj.openjdk.hotspot.jre.full.win32.x86_64_17.0.2.v20220201-1208\jre\bin\server

VM Arguments:
jvm_args: -Dfile.encoding=UTF-8 -XX:+ShowCodeDetailsInExceptionMessages 
java_command: Axis.BSGSolutions.ProjectAutomation.popalerts
java_class_path (initial): C:\Users\yuvia\eclipse-workspace\BSGSolutions\target\test-classes;C:\Users\yuvia\eclipse-workspace\BSGSolutions\target\classes;C:\Users\yuvia\.m2\repository\junit\junit\4.11\junit-4.11.jar;C:\Users\yuvia\.m2\repository\org\hamcrest\hamcrest-core\1.3\hamcrest-core-1.3.jar;C:\Users\yuvia\.m2\repository\org\seleniumhq\selenium\selenium-java\4.15.0\selenium-java-4.15.0.jar;C:\Users\yuvia\.m2\repository\org\seleniumhq\selenium\selenium-api\4.15.0\selenium-api-4.15.0.jar;C:\Users\yuvia\.m2\repository\org\seleniumhq\selenium\selenium-chrome-driver\4.15.0\selenium-chrome-driver-4.15.0.jar;C:\Users\yuvia\.m2\repository\com\google\auto\service\auto-service-annotations\1.1.1\auto-service-annotations-1.1.1.jar;C:\Users\yuvia\.m2\repository\org\seleniumhq\selenium\selenium-chromium-driver\4.15.0\selenium-chromium-driver-4.15.0.jar;C:\Users\yuvia\.m2\repository\org\seleniumhq\selenium\selenium-json\4.15.0\selenium-json-4.15.0.jar;C:\Users\yuvia\.m2\repository\org\seleniumhq\selenium\selenium-manager\4.15.0\selenium-manager-4.15.0.jar;C:\Users\yuvia\.m2\repository\org\seleniumhq\selenium\selenium-devtools-v117\4.15.0\selenium-devtools-v117-4.15.0.jar;C:\Users\yuvia\.m2\repository\org\seleniumhq\selenium\selenium-devtools-v118\4.15.0\selenium-devtools-v118-4.15.0.jar;C:\Users\yuvia\.m2\repository\org\seleniumhq\selenium\selenium-devtools-v119\4.15.0\selenium-devtools-v119-4.15.0.jar;C:\Users\yuvia\.m2\repository\org\seleniumhq\selenium\selenium-devtools-v85\4.15.0\selenium-devtools-v85-4.15.0.jar;C:\Users\yuvia\.m2\repository\org\seleniumhq\selenium\selenium-edge-driver\4.15.0\selenium-edge-driver-4.15.0.jar;C:\Users\yuvia\.m2\repository\org\seleniumhq\selenium\selenium-firefox-driver\4.15.0\selenium-firefox-driver-4.15.0.jar;C:\Users\yuvia\.m2\repository\org\seleniumhq\selenium\selenium-http\4.15.0\selenium-http-4.15.0.jar;C:\Users\yuvia\.m2\repository\dev\failsafe\failsafe\3.3.2\failsafe-3.3.2.jar;C:\Users\yuvia\.m2\repository\org\seleniumhq\selenium\
Launcher Type: SUN_STANDARD

[Global flags]
     intx CICompilerCount                          = 4                                         {product} {ergonomic}
     uint ConcGCThreads                            = 2                                         {product} {ergonomic}
     uint G1ConcRefinementThreads                  = 8                                         {product} {ergonomic}
   size_t G1HeapRegionSize                         = 1048576                                   {product} {ergonomic}
    uintx GCDrainStackTargetSize                   = 64                                        {product} {ergonomic}
   size_t InitialHeapSize                          = 130023424                                 {product} {ergonomic}
   size_t MarkStackSize                            = 4194304                                   {product} {ergonomic}
   size_t MaxHeapSize                              = 2055208960                                {product} {ergonomic}
   size_t MaxNewSize                               = 1233125376                                {product} {ergonomic}
   size_t MinHeapDeltaBytes                        = 1048576                                   {product} {ergonomic}
   size_t MinHeapSize                              = 8388608                                   {product} {ergonomic}
    uintx NonNMethodCodeHeapSize                   = 5839372                                {pd product} {ergonomic}
    uintx NonProfiledCodeHeapSize                  = 122909434                              {pd product} {ergonomic}
    uintx ProfiledCodeHeapSize                     = 122909434                              {pd product} {ergonomic}
    uintx ReservedCodeCacheSize                    = 251658240                              {pd product} {ergonomic}
     bool SegmentedCodeCache                       = true                                      {product} {ergonomic}
     bool ShowCodeDetailsInExceptionMessages       = true                                   {manageable} {command line}
   size_t SoftMaxHeapSize                          = 2055208960                             {manageable} {ergonomic}
     bool UseCompressedClassPointers               = true                           {product lp64_product} {ergonomic}
     bool UseCompressedOops                        = true                           {product lp64_product} {ergonomic}
     bool UseG1GC                                  = true                                      {product} {ergonomic}
     bool UseLargePagesIndividualAllocation        = false                                  {pd product} {ergonomic}

Logging:
Log output configuration:
 #0: stdout all=warning uptime,level,tags
 #1: stderr all=off uptime,level,tags

Environment Variables:
JAVA_HOME=C:\Program Files\Java\jdk-19
PATH=C:\Program Files\Common Files\Oracle\Java\javapath;C:\WINDOWS\system32;C:\WINDOWS;C:\WINDOWS\System32\Wbem;C:\WINDOWS\System32\WindowsPowerShell\v1.0\;C:\WINDOWS\System32\OpenSSH\;C:\Program Files\Java\jdk-19\bin;C:\Users\yuvia\Downloads\chromedriver_win32 (1);C:\Program Files\Java\apache-maven-3.9.6\bin;C:\Users\yuvia\AppData\Local\Microsoft\WindowsApps;C:\Program Files\Java\apache-maven-3.9.6\bin;
USERNAME=yuvia
OS=Windows_NT
PROCESSOR_IDENTIFIER=Intel64 Family 6 Model 140 Stepping 1, GenuineIntel



---------------  S Y S T E M  ---------------

OS:
 Windows 11 , 64 bit Build 22621 (10.0.22621.2506)
OS uptime: 16 days 6:23 hours

CPU: total 8 (initial active 8) (4 cores per cpu, 2 threads per core) family 6 model 140 stepping 1 microcode 0xaa, cx8, cmov, fxsr, ht, mmx, 3dnowpref, sse, sse2, sse3, ssse3, sse4.1, sse4.2, popcnt, lzcnt, tsc, tscinvbit, avx, avx2, aes, erms, clmul, bmi1, bmi2, adx, avx512f, avx512dq, avx512cd, avx512bw, avx512vl, sha, fma, vzeroupper, avx512_vpopcntdq, avx512_vpclmulqdq, avx512_vaes, avx512_vnni, clflush, clflushopt, clwb, avx512_vbmi2, avx512_vbmi

Memory: 4k page, system-wide physical 7834M (383M free)
TotalPageFile size 31386M (AvailPageFile size 0M)
current process WorkingSet (physical memory assigned to process): 29M, peak: 29M
current process commit charge ("private bytes"): 198M, peak: 198M

vm_info: OpenJDK 64-Bit Server VM (17.0.2+8) for windows-amd64 JRE (17.0.2+8), built on Jan 20 2022 04:52:34 by "" with MS VC++ 16.7 (VS2019)

END.
