#
# There is insufficient memory for the Java Runtime Environment to continue.
# Native memory allocation (mmap) failed to map 130023424 bytes for G1 virtual space
# Possible reasons:
#   The system is out of physical RAM or swap space
#   The process is running with CompressedOops enabled, and the Java Heap may be blocking the growth of the native heap
# Possible solutions:
#   Reduce memory load on the system
#   Increase physical memory or swap space
#   Check if swap backing store is full
#   Decrease Java heap size (-Xmx/-Xms)
#   Decrease number of Java threads
#   Decrease Java thread stack sizes (-Xss)
#   Set larger code cache with -XX:ReservedCodeCacheSize=
#   JVM is running with Unscaled Compressed Oops mode in which the Java heap is
#     placed in the first 4GB address space. The Java Heap base address is the
#     maximum limit for the native heap growth. Please use -XX:HeapBaseMinAddress
#     to set the Java Heap base and to place the Java Heap above 4GB virtual address.
# This output file may be truncated or incomplete.
#
#  Out of Memory Error (os_windows.cpp:3532), pid=51644, tid=56456
#
# JRE version:  (17.0.2+8) (build )
# Java VM: OpenJDK 64-Bit Server VM (17.0.2+8, mixed mode, sharing, tiered, compressed oops, compressed class ptrs, g1 gc, windows-amd64)
# No core dump will be written. Minidumps are not enabled by default on client versions of Windows
#

---------------  S U M M A R Y ------------

Command Line: -Dfile.encoding=UTF-8 -XX:+ShowCodeDetailsInExceptionMessages Axis.BSGSolutions.ProjectAutomation.Buttonclicks

Host: 11th Gen Intel(R) Core(TM) i5-1135G7 @ 2.40GHz, 8 cores, 7G,  Windows 11 , 64 bit Build 22621 (10.0.22621.2506)
Time: Sat Feb 24 15:24:31 2024 India Standard Time elapsed time: 0.025526 seconds (0d 0h 0m 0s)

---------------  T H R E A D  ---------------

Current thread (0x000001aa70fac180):  JavaThread "Unknown thread" [_thread_in_vm, id=56456, stack(0x000000715b100000,0x000000715b200000)]

Stack: [0x000000715b100000,0x000000715b200000]
Native frames: (J=compiled Java code, j=interpreted, Vv=VM code, C=native code)
V  [jvm.dll+0x67564a]
V  [jvm.dll+0x82fc04]
V  [jvm.dll+0x8313ae]
V  [jvm.dll+0x831a13]
V  [jvm.dll+0x245235]
V  [jvm.dll+0x672539]
V  [jvm.dll+0x666e82]
V  [jvm.dll+0x30401b]
V  [jvm.dll+0x30b566]
V  [jvm.dll+0x35b1fe]
V  [jvm.dll+0x35b42f]
V  [jvm.dll+0x2daf58]
V  [jvm.dll+0x2dbec4]
V  [jvm.dll+0x801881]
V  [jvm.dll+0x368f81]
V  [jvm.dll+0x7e0cdc]
V  [jvm.dll+0x3eb8bf]
V  [jvm.dll+0x3ed441]
C  [jli.dll+0x5277]
C  [ucrtbase.dll+0x29363]
C  [KERNEL32.DLL+0x1257d]
C  [ntdll.dll+0x5aa58]


---------------  P R O C E S S  ---------------

Threads class SMR info:
_java_thread_list=0x00007ffda9b65e98, length=0, elements={
}

Java Threads: ( => current thread )

Other Threads:
  0x000001aa70fead80 GCTaskThread "GC Thread#0" [stack: 0x000000715b200000,0x000000715b300000] [id=62484]
  0x000001aa70ffb960 ConcurrentGCThread "G1 Main Marker" [stack: 0x000000715b300000,0x000000715b400000] [id=63260]
  0x000001aa70ffc370 ConcurrentGCThread "G1 Conc#0" [stack: 0x000000715b400000,0x000000715b500000] [id=60232]

[error occurred during error reporting (printing all threads), id 0xc0000005, EXCEPTION_ACCESS_VIOLATION (0xc0000005) at pc=0x00007ffda933b9d7]

VM state: not at safepoint (not fully initialized)

VM Mutex/Monitor currently owned by a thread:  ([mutex/lock_event])
[0x000001aa70fa6e20] Heap_lock - owner thread: 0x000001aa70fac180

Heap address: 0x0000000085800000, size: 1960 MB, Compressed Oops mode: 32-bit

CDS archive(s) mapped at: [0x0000000000000000-0x0000000000000000-0x0000000000000000), size 0, SharedBaseAddress: 0x0000000800000000, ArchiveRelocationMode: 0.
Narrow klass base: 0x0000000000000000, Narrow klass shift: 0, Narrow klass range: 0x0

GC Precious Log:
<Empty>

Heap:
 garbage-first heap   total 0K, used 0K [0x0000000085800000, 0x0000000100000000)
  region size 1024K, 0 young (0K), 0 survivors (0K)

[error occurred during error reporting (printing heap information), id 0xc0000005, EXCEPTION_ACCESS_VIOLATION (0xc0000005) at pc=0x00007ffda971e899]

GC Heap History (0 events):
No events

Deoptimization events (0 events):
No events

Classes unloaded (0 events):
No events

Classes redefined (0 events):
No events

Internal exceptions (0 events):
No events

VM Operations (0 events):
No events

Events (1 events):
Event: 0.013 Loaded shared library C:\Users\yuvia\.p2\pool\plugins\org.eclipse.justj.openjdk.hotspot.jre.full.win32.x86_64_17.0.2.v20220201-1208\jre\bin\java.dll


Dynamic libraries:
0x00007ff76dc90000 - 0x00007ff76dc9e000 	C:\Users\yuvia\.p2\pool\plugins\org.eclipse.justj.openjdk.hotspot.jre.full.win32.x86_64_17.0.2.v20220201-1208\jre\bin\javaw.exe
0x00007ffe55570000 - 0x00007ffe55787000 	C:\WINDOWS\SYSTEM32\ntdll.dll
0x00007ffe53b90000 - 0x00007ffe53c54000 	C:\WINDOWS\System32\KERNEL32.DLL
0x00007ffe52d30000 - 0x00007ffe530d6000 	C:\WINDOWS\System32\KERNELBASE.dll
0x00007ffe52a40000 - 0x00007ffe52b51000 	C:\WINDOWS\System32\ucrtbase.dll
0x00007ffe2dda0000 - 0x00007ffe2ddb9000 	C:\Users\yuvia\.p2\pool\plugins\org.eclipse.justj.openjdk.hotspot.jre.full.win32.x86_64_17.0.2.v20220201-1208\jre\bin\VCRUNTIME140.dll
0x00007ffe2dd80000 - 0x00007ffe2dd98000 	C:\Users\yuvia\.p2\pool\plugins\org.eclipse.justj.openjdk.hotspot.jre.full.win32.x86_64_17.0.2.v20220201-1208\jre\bin\jli.dll
0x00007ffe541a0000 - 0x00007ffe5434e000 	C:\WINDOWS\System32\USER32.dll
0x00007ffe52b60000 - 0x00007ffe52b86000 	C:\WINDOWS\System32\win32u.dll
0x00007ffe2c800000 - 0x00007ffe2ca93000 	C:\WINDOWS\WinSxS\amd64_microsoft.windows.common-controls_6595b64144ccf1df_6.0.22621.2506_none_270c5ae97388e100\COMCTL32.dll
0x00007ffe53470000 - 0x00007ffe53499000 	C:\WINDOWS\System32\GDI32.dll
0x00007ffe54f20000 - 0x00007ffe54fc7000 	C:\WINDOWS\System32\msvcrt.dll
0x00007ffe528b0000 - 0x00007ffe529c8000 	C:\WINDOWS\System32\gdi32full.dll
0x00007ffe53220000 - 0x00007ffe532ba000 	C:\WINDOWS\System32\msvcp_win.dll
0x00007ffe53430000 - 0x00007ffe53461000 	C:\WINDOWS\System32\IMM32.DLL
0x00007ffe3b3e0000 - 0x00007ffe3b3ec000 	C:\Users\yuvia\.p2\pool\plugins\org.eclipse.justj.openjdk.hotspot.jre.full.win32.x86_64_17.0.2.v20220201-1208\jre\bin\vcruntime140_1.dll
0x00007ffde6140000 - 0x00007ffde61d1000 	C:\Users\yuvia\.p2\pool\plugins\org.eclipse.justj.openjdk.hotspot.jre.full.win32.x86_64_17.0.2.v20220201-1208\jre\bin\msvcp140.dll
0x00007ffda9050000 - 0x00007ffda9c97000 	C:\Users\yuvia\.p2\pool\plugins\org.eclipse.justj.openjdk.hotspot.jre.full.win32.x86_64_17.0.2.v20220201-1208\jre\bin\server\jvm.dll
0x00007ffe53370000 - 0x00007ffe53423000 	C:\WINDOWS\System32\ADVAPI32.dll
0x00007ffe54590000 - 0x00007ffe54638000 	C:\WINDOWS\System32\sechost.dll
0x00007ffe52b90000 - 0x00007ffe52bb8000 	C:\WINDOWS\System32\bcrypt.dll
0x00007ffe534c0000 - 0x00007ffe535d7000 	C:\WINDOWS\System32\RPCRT4.dll
0x00007ffe540e0000 - 0x00007ffe540e8000 	C:\WINDOWS\System32\PSAPI.DLL
0x00007ffe48730000 - 0x00007ffe48764000 	C:\WINDOWS\SYSTEM32\WINMM.dll
0x00007ffe492c0000 - 0x00007ffe492ca000 	C:\WINDOWS\SYSTEM32\VERSION.dll
0x00007ffe280a0000 - 0x00007ffe280a9000 	C:\WINDOWS\SYSTEM32\WSOCK32.dll
0x00007ffe54ea0000 - 0x00007ffe54f11000 	C:\WINDOWS\System32\WS2_32.dll
0x00007ffe518e0000 - 0x00007ffe518f8000 	C:\WINDOWS\SYSTEM32\kernel.appcore.dll
0x00007ffe26c90000 - 0x00007ffe26c9a000 	C:\Users\yuvia\.p2\pool\plugins\org.eclipse.justj.openjdk.hotspot.jre.full.win32.x86_64_17.0.2.v20220201-1208\jre\bin\jimage.dll
0x00007ffe50090000 - 0x00007ffe502c3000 	C:\WINDOWS\SYSTEM32\DBGHELP.DLL
0x00007ffe551a0000 - 0x00007ffe55529000 	C:\WINDOWS\System32\combase.dll
0x00007ffe543b0000 - 0x00007ffe54487000 	C:\WINDOWS\System32\OLEAUT32.dll
0x00007ffe3b360000 - 0x00007ffe3b392000 	C:\WINDOWS\SYSTEM32\dbgcore.DLL
0x00007ffe530e0000 - 0x00007ffe5315a000 	C:\WINDOWS\System32\bcryptPrimitives.dll
0x00007ffe26c60000 - 0x00007ffe26c85000 	C:\Users\yuvia\.p2\pool\plugins\org.eclipse.justj.openjdk.hotspot.jre.full.win32.x86_64_17.0.2.v20220201-1208\jre\bin\java.dll

dbghelp: loaded successfully - version: 4.0.5 - missing functions: none
symbol engine: initialized successfully - sym options: 0x614 - pdb path: .;C:\Users\yuvia\.p2\pool\plugins\org.eclipse.justj.openjdk.hotspot.jre.full.win32.x86_64_17.0.2.v20220201-1208\jre\bin;C:\WINDOWS\SYSTEM32;C:\WINDOWS\WinSxS\amd64_microsoft.windows.common-controls_6595b64144ccf1df_6.0.22621.2506_none_270c5ae97388e100;C:\Users\yuvia\.p2\pool\plugins\org.eclipse.justj.openjdk.hotspot.jre.full.win32.x86_64_17.0.2.v20220201-1208\jre\bin\server

VM Arguments:
jvm_args: -Dfile.encoding=UTF-8 -XX:+ShowCodeDetailsInExceptionMessages 
java_command: Axis.BSGSolutions.ProjectAutomation.Buttonclicks
java_class_path (initial): C:\Users\yuvia\eclipse-workspace\BSGSolutions\target\test-classes;C:\Users\yuvia\eclipse-workspace\BSGSolutions\target\classes;C:\Users\yuvia\.m2\repository\junit\junit\4.11\junit-4.11.jar;C:\Users\yuvia\.m2\repository\org\hamcrest\hamcrest-core\1.3\hamcrest-core-1.3.jar;C:\Users\yuvia\.m2\repository\org\seleniumhq\selenium\selenium-java\4.15.0\selenium-java-4.15.0.jar;C:\Users\yuvia\.m2\repository\org\seleniumhq\selenium\selenium-api\4.15.0\selenium-api-4.15.0.jar;C:\Users\yuvia\.m2\repository\org\seleniumhq\selenium\selenium-chrome-driver\4.15.0\selenium-chrome-driver-4.15.0.jar;C:\Users\yuvia\.m2\repository\com\google\auto\service\auto-service-annotations\1.1.1\auto-service-annotations-1.1.1.jar;C:\Users\yuvia\.m2\repository\org\seleniumhq\selenium\selenium-chromium-driver\4.15.0\selenium-chromium-driver-4.15.0.jar;C:\Users\yuvia\.m2\repository\org\seleniumhq\selenium\selenium-json\4.15.0\selenium-json-4.15.0.jar;C:\Users\yuvia\.m2\repository\org\seleniumhq\selenium\selenium-manager\4.15.0\selenium-manager-4.15.0.jar;C:\Users\yuvia\.m2\repository\org\seleniumhq\selenium\selenium-devtools-v117\4.15.0\selenium-devtools-v117-4.15.0.jar;C:\Users\yuvia\.m2\repository\org\seleniumhq\selenium\selenium-devtools-v118\4.15.0\selenium-devtools-v118-4.15.0.jar;C:\Users\yuvia\.m2\repository\org\seleniumhq\selenium\selenium-devtools-v119\4.15.0\selenium-devtools-v119-4.15.0.jar;C:\Users\yuvia\.m2\repository\org\seleniumhq\selenium\selenium-devtools-v85\4.15.0\selenium-devtools-v85-4.15.0.jar;C:\Users\yuvia\.m2\repository\org\seleniumhq\selenium\selenium-edge-driver\4.15.0\selenium-edge-driver-4.15.0.jar;C:\Users\yuvia\.m2\repository\org\seleniumhq\selenium\selenium-firefox-driver\4.15.0\selenium-firefox-driver-4.15.0.jar;C:\Users\yuvia\.m2\repository\org\seleniumhq\selenium\selenium-http\4.15.0\selenium-http-4.15.0.jar;C:\Users\yuvia\.m2\repository\dev\failsafe\failsafe\3.3.2\failsafe-3.3.2.jar;C:\Users\yuvia\.m2\repository\org\seleniumhq\selenium\
Launcher Type: SUN_STANDARD

[Global flags]
     intx CICompilerCount                          = 4                                         {product} {ergonomic}
     uint ConcGCThreads                            = 2                                         {product} {ergonomic}
     uint G1ConcRefinementThreads                  = 8                                         {product} {ergonomic}
   size_t G1HeapRegionSize                         = 1048576                                   {product} {ergonomic}
    uintx GCDrainStackTargetSize                   = 64                                        {product} {ergonomic}
   size_t InitialHeapSize                          = 130023424                                 {product} {ergonomic}
   size_t MarkStackSize                            = 4194304                                   {product} {ergonomic}
   size_t MaxHeapSize                              = 2055208960                                {product} {ergonomic}
   size_t MinHeapDeltaBytes                        = 1048576                                   {product} {ergonomic}
   size_t MinHeapSize                              = 8388608                                   {product} {ergonomic}
    uintx NonNMethodCodeHeapSize                   = 5839372                                {pd product} {ergonomic}
    uintx NonProfiledCodeHeapSize                  = 122909434                              {pd product} {ergonomic}
    uintx ProfiledCodeHeapSize                     = 122909434                              {pd product} {ergonomic}
    uintx ReservedCodeCacheSize                    = 251658240                              {pd product} {ergonomic}
     bool SegmentedCodeCache                       = true                                      {product} {ergonomic}
     bool ShowCodeDetailsInExceptionMessages       = true                                   {manageable} {command line}
   size_t SoftMaxHeapSize                          = 2055208960                             {manageable} {ergonomic}
     bool UseCompressedClassPointers               = true                           {product lp64_product} {ergonomic}
     bool UseCompressedOops                        = true                           {product lp64_product} {ergonomic}
     bool UseG1GC                                  = true                                      {product} {ergonomic}
     bool UseLargePagesIndividualAllocation        = false                                  {pd product} {ergonomic}

Logging:
Log output configuration:
 #0: stdout all=warning uptime,level,tags
 #1: stderr all=off uptime,level,tags

Environment Variables:
JAVA_HOME=C:\Program Files\Java\jdk-19
PATH=C:\Program Files\Common Files\Oracle\Java\javapath;C:\WINDOWS\system32;C:\WINDOWS;C:\WINDOWS\System32\Wbem;C:\WINDOWS\System32\WindowsPowerShell\v1.0\;C:\WINDOWS\System32\OpenSSH\;C:\Program Files\Java\jdk-19\bin;C:\Users\yuvia\Downloads\chromedriver_win32 (1);C:\Program Files\Java\apache-maven-3.9.6\bin;C:\Users\yuvia\AppData\Local\Microsoft\WindowsApps;C:\Program Files\Java\apache-maven-3.9.6\bin;
USERNAME=yuvia
OS=Windows_NT
PROCESSOR_IDENTIFIER=Intel64 Family 6 Model 140 Stepping 1, GenuineIntel



---------------  S Y S T E M  ---------------

OS:
 Windows 11 , 64 bit Build 22621 (10.0.22621.2506)
OS uptime: 16 days 6:07 hours

CPU: total 8 (initial active 8) (4 cores per cpu, 2 threads per core) family 6 model 140 stepping 1 microcode 0xaa, cx8, cmov, fxsr, ht, mmx, 3dnowpref, sse, sse2, sse3, ssse3, sse4.1, sse4.2, popcnt, lzcnt, tsc, tscinvbit, avx, avx2, aes, erms, clmul, bmi1, bmi2, adx, avx512f, avx512dq, avx512cd, avx512bw, avx512vl, sha, fma, vzeroupper, avx512_vpopcntdq, avx512_vpclmulqdq, avx512_vaes, avx512_vnni, clflush, clflushopt, clwb, avx512_vbmi2, avx512_vbmi

Memory: 4k page, system-wide physical 7834M (658M free)
TotalPageFile size 31386M (AvailPageFile size 69M)
current process WorkingSet (physical memory assigned to process): 11M, peak: 11M
current process commit charge ("private bytes"): 60M, peak: 184M

vm_info: OpenJDK 64-Bit Server VM (17.0.2+8) for windows-amd64 JRE (17.0.2+8), built on Jan 20 2022 04:52:34 by "" with MS VC++ 16.7 (VS2019)

END.
